Arguments: 
  C:\Program Files\nodejs\node.exe C:\Users\luis3\AppData\Roaming\npm\node_modules\yarn\bin\yarn.js add postcss-preset-env -D

PATH: 
  C:\Users\luis3\Desktop\comment_app\node_modules\.bin;C:\Users\luis3\Desktop\node_modules\.bin;C:\Users\luis3\node_modules\.bin;C:\Users\node_modules\.bin;C:\node_modules\.bin;C:\Users\luis3\AppData\Roaming\npm\node_modules\npm\node_modules\@npmcli\run-script\lib\node-gyp-bin;C:\Python38\Scripts\;C:\Python38\;C:\Program Files (x86)\Common Files\Oracle\Java\javapath;C:\Program Files (x86)\Intel\iCLS Client\;C:\Program Files\Intel\iCLS Client\;C:\Windows\system32;C:\Windows;C:\Windows\System32\Wbem;C:\Windows\System32\WindowsPowerShell\v1.0\;C:\Program Files (x86)\Intel\Intel(R) Management Engine Components\DAL;C:\Program Files\Intel\Intel(R) Management Engine Components\DAL;C:\Program Files (x86)\Intel\Intel(R) Management Engine Components\IPT;C:\Program Files\Intel\Intel(R) Management Engine Components\IPT;C:\WINDOWS\system32;C:\WINDOWS;C:\WINDOWS\System32\Wbem;C:\WINDOWS\System32\WindowsPowerShell\v1.0\;C:\WINDOWS\System32\OpenSSH\;C:\Program Files (x86)\MiKTeX 2.9\miktex\bin\;C:\Users\luis3\Downloads\New folder\miktex\bin\x64\;C:\ProgramData\chocolatey\bin;C:\Program Files\Git\cmd;C:\Program Files\MySQL\MySQL Server 8.0\bin;C:\Program Files (x86)\dotnet\;C:\Program Files\Microsoft SQL Server\Client SDK\ODBC\170\Tools\Binn\;C:\Program Files (x86)\Microsoft SQL Server\150\Tools\Binn\;C:\Program Files\Microsoft SQL Server\150\Tools\Binn\;C:\Program Files\Microsoft SQL Server\150\DTS\Binn\;C:\Program Files (x86)\Windows Kits\8.1\Windows Performance Toolkit\;%NVM_HOME%;%NVM_SYMLINK%;C:\Users\luis3\AppData\Local\Programs\Python\Python38-32\Scripts\;C:\Users\luis3\AppData\Local\Programs\Python\Python38-32\site-packages;C:\Users\luis3\AppData\Local\Microsoft\WindowsApps;C:\Users\luis3\AppData\Local\Programs\Microsoft VS Code\bin;C:\Users\luis3\AppData\Roaming\npm;C:\Users\luis3\AppData\Roaming\Python\Python38\Scripts;C:\Users\luis3\AppData\Roaming\Python\Python38\site-packages;C:\Users\luis3\AppData\Local\Package Cache\{de694e50-e0d0-48a5-9a7a-56fd037154e2};C:\Program Files\MongoDB\Server4.4\bin;C:\Users\luis3\Desktop\CIS450\Project\sqlplusstuff\instantclient_19_10;C:\Users\luis3\Downloads\mongodb-database-tools-windows-x86_64-100.3.1 - Copy\mongodb-database-tools-windows-x86_64-100.3.1\bin;C:\Users\luis3\AppData\Local\GitHubDesktop\bin;"C;\yarn\bin";C:\Python38\Lib\site-packages;C:\Users\luis3\AppData\Roaming\nvm;C:\Program Files\nodejs

Yarn version: 
  1.22.10

Node version: 
  18.8.0

Platform: 
  win32 x64

Trace: 
  Error: EPERM: operation not permitted, unlink 'C:\Users\luis3\Desktop\comment_app\node_modules\deasync\bin\win32-x64-node-18\deasync.node'

npm manifest: 
  {
    "name": "comment_app",
    "version": "1.0.0",
    "description": "",
    "main": "index.js",
    "scripts": {
      "start": "parcel index.html",
      "test": "echo \"Error: no test specified\" && exit 1"
    },
    "repository": {
      "type": "git",
      "url": "git+https://github.com/luis-ay/Comment-app.git"
    },
    "keywords": [],
    "author": "",
    "license": "ISC",
    "bugs": {
      "url": "https://github.com/luis-ay/Comment-app/issues"
    },
    "homepage": "https://github.com/luis-ay/Comment-app#readme",
    "dependencies": {
      "autoprefixer": "^10.4.13",
      "parcel-bundler": "^1.12.5",
      "postcss-import": "12.0.1",
      "react": "^18.2.0",
      "react-dom": "^18.2.0",
      "tailwindcss": "^3.2.1"
    },
    "devDependencies": {
      "postcss": "^8.4.18"
    }
  }

yarn manifest: 
  No manifest

Lockfile: 
  No lockfile
